<?xml version="1.0" encoding="UTF-8"?>
<!-- Generated by org.testng.reporters.JUnitReportReporter -->
<testsuite skipped="0" hostname="shivamk3151439" name="Test_Runner.Get" tests="2" failures="0" timestamp="31 Oct 2019 11:46:26 GMT" time="5.775" errors="0">
  <testcase name="Get_AllList" time="3.805" classname="Test_Runner.Get"/>
  <testcase name="Get_SpecificList" time="1.970" classname="Test_Runner.Get"/>
</testsuite> <!-- Test_Runner.Get -->
