<?xml version="1.0" encoding="UTF-8"?>
<!-- Generated by org.testng.reporters.JUnitReportReporter -->
<testsuite skipped="0" hostname="shivamk3151439" name="Test_Runner.Delete" tests="2" failures="0" timestamp="01 Nov 2019 12:36:19 GMT" time="3.063" errors="0">
  <testcase name="Delete_Task" time="1.794" classname="Test_Runner.Delete"/>
  <testcase name="Delete_List" time="1.269" classname="Test_Runner.Delete"/>
</testsuite> <!-- Test_Runner.Delete -->
