<?xml version="1.0" encoding="UTF-8"?>
<!-- Generated by org.testng.reporters.JUnitReportReporter -->
<testsuite skipped="0" hostname="shivamk3151439" name="Test_Runner.Get" tests="2" failures="0" timestamp="01 Nov 2019 12:36:19 GMT" time="2.699" errors="0">
  <testcase name="Get_AllList" time="1.485" classname="Test_Runner.Get"/>
  <testcase name="Get_SpecificList" time="1.214" classname="Test_Runner.Get"/>
</testsuite> <!-- Test_Runner.Get -->
