<?xml version="1.0" encoding="UTF-8"?>
<!-- Generated by org.testng.reporters.JUnitReportReporter -->
<testsuite skipped="0" hostname="shivamk3151439" name="Test_Runner.Delete" tests="1" failures="0" timestamp="31 Oct 2019 13:13:15 GMT" time="4.520" errors="0">
  <testcase name="Delete_Task" time="4.520" classname="Test_Runner.Delete"/>
</testsuite> <!-- Test_Runner.Delete -->
