<?xml version="1.0" encoding="UTF-8"?>
<!-- Generated by org.testng.reporters.JUnitReportReporter -->
<testsuite skipped="0" hostname="shivamk3151439" name="Test_Runner.Put" tests="2" failures="0" timestamp="01 Nov 2019 12:36:19 GMT" time="2.857" errors="0">
  <testcase name="Put_List" time="1.422" classname="Test_Runner.Put"/>
  <testcase name="Put_Task" time="1.435" classname="Test_Runner.Put"/>
</testsuite> <!-- Test_Runner.Put -->
