<?xml version="1.0" encoding="UTF-8"?>
<!-- Generated by org.testng.reporters.JUnitReportReporter -->
<testsuite skipped="0" hostname="shivamk3151439" name="Test_Runner.Post" tests="2" failures="0" timestamp="01 Nov 2019 12:36:19 GMT" time="7.747" errors="0">
  <testcase name="Create_Task" time="2.003" classname="Test_Runner.Post"/>
  <testcase name="Create_List" time="5.744" classname="Test_Runner.Post"/>
</testsuite> <!-- Test_Runner.Post -->
