<?xml version="1.0" encoding="UTF-8"?>
<!-- Generated by org.testng.reporters.JUnitReportReporter -->
<testsuite skipped="0" hostname="shivamk3151439" name="Test_Runner.Patch" tests="2" failures="0" timestamp="01 Nov 2019 12:36:19 GMT" time="3.216" errors="0">
  <testcase name="Patch_List" time="1.705" classname="Test_Runner.Patch"/>
  <testcase name="Patch_Task" time="1.511" classname="Test_Runner.Patch"/>
</testsuite> <!-- Test_Runner.Patch -->
