<?xml version="1.0" encoding="UTF-8"?>
<!-- Generated by org.testng.reporters.JUnitReportReporter -->
<testsuite skipped="0" hostname="shivamk3151439" name="Test_Runner.Post" tests="2" failures="0" timestamp="31 Oct 2019 13:13:42 GMT" time="7.479" errors="0">
  <testcase name="Create_List" time="6.034" classname="Test_Runner.Post"/>
  <testcase name="Create_Task" time="1.445" classname="Test_Runner.Post"/>
</testsuite> <!-- Test_Runner.Post -->
